[debug] [2022-11-10T17:49:35.560Z] ----------------------------------------------------------------------
[debug] [2022-11-10T17:49:35.563Z] Command:       C:\Program Files\nodejs\node.exe C:\Users\Raka\AppData\Roaming\npm\node_modules\firebase-tools\lib\bin\firebase.js deploy
[debug] [2022-11-10T17:49:35.563Z] CLI Version:   11.15.0
[debug] [2022-11-10T17:49:35.563Z] Platform:      win32
[debug] [2022-11-10T17:49:35.564Z] Node Version:  v16.14.0
[debug] [2022-11-10T17:49:35.565Z] Time:          Thu Nov 10 2022 23:49:35 GMT+0600 (Bangladesh Standard Time)
[debug] [2022-11-10T17:49:35.565Z] ----------------------------------------------------------------------
[debug] 
[debug] [2022-11-10T17:49:35.746Z] > command requires scopes: ["email","openid","https://www.googleapis.com/auth/cloudplatformprojects.readonly","https://www.googleapis.com/auth/firebase","https://www.googleapis.com/auth/cloud-platform"]
[debug] [2022-11-10T17:49:35.746Z] > authorizing via signed-in user (raka29077997@gmail.com)
[debug] [2022-11-10T17:49:35.746Z] [iam] checking project beauty-parlour-cd243 for permissions ["firebase.projects.get","firebasehosting.sites.update"]
[debug] [2022-11-10T17:49:35.750Z] >>> [apiv2][query] POST https://cloudresourcemanager.googleapis.com/v1/projects/beauty-parlour-cd243:testIamPermissions [none]
[debug] [2022-11-10T17:49:35.750Z] >>> [apiv2][(partial)header] POST https://cloudresourcemanager.googleapis.com/v1/projects/beauty-parlour-cd243:testIamPermissions x-goog-quota-user=projects/beauty-parlour-cd243
[debug] [2022-11-10T17:49:35.750Z] >>> [apiv2][body] POST https://cloudresourcemanager.googleapis.com/v1/projects/beauty-parlour-cd243:testIamPermissions {"permissions":["firebase.projects.get","firebasehosting.sites.update"]}
[debug] [2022-11-10T17:49:37.360Z] <<< [apiv2][status] POST https://cloudresourcemanager.googleapis.com/v1/projects/beauty-parlour-cd243:testIamPermissions 200
[debug] [2022-11-10T17:49:37.360Z] <<< [apiv2][body] POST https://cloudresourcemanager.googleapis.com/v1/projects/beauty-parlour-cd243:testIamPermissions {"permissions":["firebase.projects.get","firebasehosting.sites.update"]}
[debug] [2022-11-10T17:49:37.364Z] >>> [apiv2][query] GET https://firebase.googleapis.com/v1beta1/projects/beauty-parlour-cd243 [none]
[debug] [2022-11-10T17:49:38.309Z] <<< [apiv2][status] GET https://firebase.googleapis.com/v1beta1/projects/beauty-parlour-cd243 200
[debug] [2022-11-10T17:49:38.309Z] <<< [apiv2][body] GET https://firebase.googleapis.com/v1beta1/projects/beauty-parlour-cd243 {"projectId":"beauty-parlour-cd243","projectNumber":"311646377963","displayName":"beauty-parlour","name":"projects/beauty-parlour-cd243","resources":{"hostingSite":"beauty-parlour-cd243"},"state":"ACTIVE","etag":"1_7409c2cb-7709-46d9-9e03-dd66db96ad42"}
[info] 
[info] === Deploying to 'beauty-parlour-cd243'...
[info] 
[info] i  deploying hosting 
[debug] [2022-11-10T17:49:38.331Z] >>> [apiv2][query] POST https://firebasehosting.googleapis.com/v1beta1/projects/-/sites/beauty-parlour-cd243/versions [none]
[debug] [2022-11-10T17:49:38.332Z] >>> [apiv2][body] POST https://firebasehosting.googleapis.com/v1beta1/projects/-/sites/beauty-parlour-cd243/versions {"status":"CREATED","labels":{"deployment-tool":"cli-firebase"}}
[debug] [2022-11-10T17:49:40.892Z] <<< [apiv2][status] POST https://firebasehosting.googleapis.com/v1beta1/projects/-/sites/beauty-parlour-cd243/versions 200
[debug] [2022-11-10T17:49:40.892Z] <<< [apiv2][body] POST https://firebasehosting.googleapis.com/v1beta1/projects/-/sites/beauty-parlour-cd243/versions {"name":"projects/311646377963/sites/beauty-parlour-cd243/versions/91ecdde96ca09f70","status":"CREATED","config":{},"labels":{"deployment-tool":"cli-firebase"}}
[info] i  hosting[beauty-parlour-cd243]: beginning deploy... 
[info] i  hosting[beauty-parlour-cd243]: found 25 files in build 
[debug] [2022-11-10T17:49:40.928Z] [hosting] uploading with 200 concurrency
[debug] [2022-11-10T17:49:40.930Z] [hosting] hash cache [YnVpbGQ] not populated
[debug] [2022-11-10T17:49:41.509Z] [hosting] hash cache [YnVpbGQ] stored for 25 files
[debug] [2022-11-10T17:49:41.509Z] [hosting][hash queue][FINAL] {"max":470,"min":43,"avg":70.64,"active":0,"complete":25,"success":25,"errored":0,"retried":0,"total":25,"elapsed":577}
[debug] [2022-11-10T17:49:41.510Z] >>> [apiv2][query] POST https://firebasehosting.googleapis.com/v1beta1/projects/311646377963/sites/beauty-parlour-cd243/versions/91ecdde96ca09f70:populateFiles [none]
[debug] [2022-11-10T17:49:41.510Z] >>> [apiv2][body] POST https://firebasehosting.googleapis.com/v1beta1/projects/311646377963/sites/beauty-parlour-cd243/versions/91ecdde96ca09f70:populateFiles {"files":{"/asset-manifest.json":"d0cd50ecb277e3c3d211df1f3de4387fc924fa885d9b63ad789afd096d74f9a5","/index.html":"be5dbcf5795a4a344d316cd9ee1ef540450103a6ca893608e99435ed7e3f36c2","/manifest.json":"aff3449bdc238776f5d6d967f19ec491b36aed5fb7f23ccff6500736fd58494a","/robots.txt":"bfe106a3fb878dc83461c86818bf74fc1bdc7f28538ba613cd3e775516ce8b49","/logo512.png":"ee7e2f3fdb8209c4b6fd7bef6ba50d1b9dba30a25bb5c3126df057e1cb6f5331","/static/js/787.849d6624.chunk.js":"53d25ce79292ff08eaa1667942c2e71f0d8b0a8893f481b8e9edd6d4211c2770","/static/js/787.849d6624.chunk.js.map":"319f6a2aad7d87a06756650ae00f72fde1f6fce098e0ffb38e75e0f9bf181dfd","/static/css/main.57a60de2.css.map":"82f93dd3aa002c020423351a9ff883abeb8e064e3c50508dddc4134fdc17f4b6","/static/js/main.9de66388.js.LICENSE.txt":"29fba471d481398619ffd50250e8431add61c7c8208f77fc9b05cd1bf9708876","/static/css/main.57a60de2.css":"64ac1f93bf3fd601a41e96e6aacca753db6d48e7dfd16c351af78087f30b4ea3","/static/media/hair cut.a1d50c54b31e7f772f2a.jpg":"3975f19568e8cb612c2ce2cb433e7acb8fd7209a566ffeb6585fee6d8348353f","/static/media/cosmetics.d0a440d033ce96b9a5f0.jpg":"ba96ab27c19307c208e7567ac7cb3e94bee9a342f1b04fe399797dd04fdcc5d4","/static/media/hair dressing.37296d17a917368324a4.jpg":"6271db47814edac0a5fda426b491e62da153625da63141b0309fe826035b9f54","/logo192.png":"3ee59515172ee198f3be375979df15ac5345183e656720a381b8872b2a39dc8b","/static/media/party-make-up.4d39506d44af76a4157a.jpg":"2ca71a68c6adbefd4a2b8d6da133d6c17cd9f4fcfa90ef54cb3f5d8dcef512ab","/services.json":"edd1e26e9f25b97f7db15ba0043fdaa8b98c030bf5bd37b2220ba6e6729fd1e6","/static/media/massages.a5c4b57bce6a9fb3ff29.jpg":"4496947ef69d48839a29e5569dfde77c7e48eb12a8befd0fab5dcc09b2775de4","/static/media/me&pedicure.369688abb107504b51db.jpg":"ac167344328826e8ddc8a1c7421d444d1a7a1d1ba4ffe0d47c2169b6ca685674","/static/media/body-treatment.db6c747c41080296113c.jpg":"9507d37df295a585f50a38e829c50029b83085b4a923375a0f94bd98acbec7a5","/static/media/img4.29f229392dcee925aec9.jpg":"baa384090453c8e42c797e09566aa72799395a07245f3910dd6e4be5d1b95b8e","/favicon.ico":"c4a7a10b37365744f233e734381414377430b6305ef80c4c89db0dae805854d1","/static/media/bridal-make up.3649f2da6290c9180a89.webp":"d17a660763f7991d8e7b4b061bf9a481dbcf8f6563d6f250926d6c6631e58a8e","/static/js/main.9de66388.js":"98d46b5c2d58d65afe585bc45c865e40321ebe829d60980759936f842796fc58","/static/media/banner.6edb0604fa415e10957d.jpg":"b26f27221f63053fef57ce886bff482a075f2a359f872d23eff93a4e13010af8","/static/js/main.9de66388.js.map":"01007db28de0ef61b3edac4357924cf617b00a6fd54e9c5b4db8ce4cdcc8d3a4"}}
[debug] [2022-11-10T17:49:42.504Z] <<< [apiv2][status] POST https://firebasehosting.googleapis.com/v1beta1/projects/311646377963/sites/beauty-parlour-cd243/versions/91ecdde96ca09f70:populateFiles 200
[debug] [2022-11-10T17:49:42.505Z] <<< [apiv2][body] POST https://firebasehosting.googleapis.com/v1beta1/projects/311646377963/sites/beauty-parlour-cd243/versions/91ecdde96ca09f70:populateFiles {"uploadRequiredHashes":["b26f27221f63053fef57ce886bff482a075f2a359f872d23eff93a4e13010af8","6271db47814edac0a5fda426b491e62da153625da63141b0309fe826035b9f54","9507d37df295a585f50a38e829c50029b83085b4a923375a0f94bd98acbec7a5","c4a7a10b37365744f233e734381414377430b6305ef80c4c89db0dae805854d1","bfe106a3fb878dc83461c86818bf74fc1bdc7f28538ba613cd3e775516ce8b49","82f93dd3aa002c020423351a9ff883abeb8e064e3c50508dddc4134fdc17f4b6","3975f19568e8cb612c2ce2cb433e7acb8fd7209a566ffeb6585fee6d8348353f","319f6a2aad7d87a06756650ae00f72fde1f6fce098e0ffb38e75e0f9bf181dfd","98d46b5c2d58d65afe585bc45c865e40321ebe829d60980759936f842796fc58","d17a660763f7991d8e7b4b061bf9a481dbcf8f6563d6f250926d6c6631e58a8e","aff3449bdc238776f5d6d967f19ec491b36aed5fb7f23ccff6500736fd58494a","ee7e2f3fdb8209c4b6fd7bef6ba50d1b9dba30a25bb5c3126df057e1cb6f5331","01007db28de0ef61b3edac4357924cf617b00a6fd54e9c5b4db8ce4cdcc8d3a4","64ac1f93bf3fd601a41e96e6aacca753db6d48e7dfd16c351af78087f30b4ea3","3ee59515172ee198f3be375979df15ac5345183e656720a381b8872b2a39dc8b","be5dbcf5795a4a344d316cd9ee1ef540450103a6ca893608e99435ed7e3f36c2","2ca71a68c6adbefd4a2b8d6da133d6c17cd9f4fcfa90ef54cb3f5d8dcef512ab","ac167344328826e8ddc8a1c7421d444d1a7a1d1ba4ffe0d47c2169b6ca685674","29fba471d481398619ffd50250e8431add61c7c8208f77fc9b05cd1bf9708876","baa384090453c8e42c797e09566aa72799395a07245f3910dd6e4be5d1b95b8e","edd1e26e9f25b97f7db15ba0043fdaa8b98c030bf5bd37b2220ba6e6729fd1e6","53d25ce79292ff08eaa1667942c2e71f0d8b0a8893f481b8e9edd6d4211c2770","4496947ef69d48839a29e5569dfde77c7e48eb12a8befd0fab5dcc09b2775de4","ba96ab27c19307c208e7567ac7cb3e94bee9a342f1b04fe399797dd04fdcc5d4","d0cd50ecb277e3c3d211df1f3de4387fc924fa885d9b63ad789afd096d74f9a5"],"uploadUrl":"https://upload-firebasehosting.googleapis.com/upload/sites/beauty-parlour-cd243/versions/91ecdde96ca09f70/files"}
[debug] [2022-11-10T17:49:42.515Z] >>> [apiv2][query] POST https://upload-firebasehosting.googleapis.com/upload/sites/beauty-parlour-cd243/versions/91ecdde96ca09f70/files/b26f27221f63053fef57ce886bff482a075f2a359f872d23eff93a4e13010af8 [none]
[debug] [2022-11-10T17:49:42.516Z] >>> [apiv2][body] POST https://upload-firebasehosting.googleapis.com/upload/sites/beauty-parlour-cd243/versions/91ecdde96ca09f70/files/b26f27221f63053fef57ce886bff482a075f2a359f872d23eff93a4e13010af8 [stream]
[debug] [2022-11-10T17:49:42.520Z] >>> [apiv2][query] POST https://upload-firebasehosting.googleapis.com/upload/sites/beauty-parlour-cd243/versions/91ecdde96ca09f70/files/6271db47814edac0a5fda426b491e62da153625da63141b0309fe826035b9f54 [none]
[debug] [2022-11-10T17:49:42.520Z] >>> [apiv2][body] POST https://upload-firebasehosting.googleapis.com/upload/sites/beauty-parlour-cd243/versions/91ecdde96ca09f70/files/6271db47814edac0a5fda426b491e62da153625da63141b0309fe826035b9f54 [stream]
[debug] [2022-11-10T17:49:42.523Z] >>> [apiv2][query] POST https://upload-firebasehosting.googleapis.com/upload/sites/beauty-parlour-cd243/versions/91ecdde96ca09f70/files/9507d37df295a585f50a38e829c50029b83085b4a923375a0f94bd98acbec7a5 [none]
[debug] [2022-11-10T17:49:42.523Z] >>> [apiv2][body] POST https://upload-firebasehosting.googleapis.com/upload/sites/beauty-parlour-cd243/versions/91ecdde96ca09f70/files/9507d37df295a585f50a38e829c50029b83085b4a923375a0f94bd98acbec7a5 [stream]
[debug] [2022-11-10T17:49:42.525Z] >>> [apiv2][query] POST https://upload-firebasehosting.googleapis.com/upload/sites/beauty-parlour-cd243/versions/91ecdde96ca09f70/files/c4a7a10b37365744f233e734381414377430b6305ef80c4c89db0dae805854d1 [none]
[debug] [2022-11-10T17:49:42.526Z] >>> [apiv2][body] POST https://upload-firebasehosting.googleapis.com/upload/sites/beauty-parlour-cd243/versions/91ecdde96ca09f70/files/c4a7a10b37365744f233e734381414377430b6305ef80c4c89db0dae805854d1 [stream]
[debug] [2022-11-10T17:49:42.530Z] >>> [apiv2][query] POST https://upload-firebasehosting.googleapis.com/upload/sites/beauty-parlour-cd243/versions/91ecdde96ca09f70/files/bfe106a3fb878dc83461c86818bf74fc1bdc7f28538ba613cd3e775516ce8b49 [none]
[debug] [2022-11-10T17:49:42.530Z] >>> [apiv2][body] POST https://upload-firebasehosting.googleapis.com/upload/sites/beauty-parlour-cd243/versions/91ecdde96ca09f70/files/bfe106a3fb878dc83461c86818bf74fc1bdc7f28538ba613cd3e775516ce8b49 [stream]
[debug] [2022-11-10T17:49:42.533Z] >>> [apiv2][query] POST https://upload-firebasehosting.googleapis.com/upload/sites/beauty-parlour-cd243/versions/91ecdde96ca09f70/files/82f93dd3aa002c020423351a9ff883abeb8e064e3c50508dddc4134fdc17f4b6 [none]
[debug] [2022-11-10T17:49:42.533Z] >>> [apiv2][body] POST https://upload-firebasehosting.googleapis.com/upload/sites/beauty-parlour-cd243/versions/91ecdde96ca09f70/files/82f93dd3aa002c020423351a9ff883abeb8e064e3c50508dddc4134fdc17f4b6 [stream]
[debug] [2022-11-10T17:49:42.535Z] >>> [apiv2][query] POST https://upload-firebasehosting.googleapis.com/upload/sites/beauty-parlour-cd243/versions/91ecdde96ca09f70/files/3975f19568e8cb612c2ce2cb433e7acb8fd7209a566ffeb6585fee6d8348353f [none]
[debug] [2022-11-10T17:49:42.536Z] >>> [apiv2][body] POST https://upload-firebasehosting.googleapis.com/upload/sites/beauty-parlour-cd243/versions/91ecdde96ca09f70/files/3975f19568e8cb612c2ce2cb433e7acb8fd7209a566ffeb6585fee6d8348353f [stream]
[debug] [2022-11-10T17:49:42.538Z] >>> [apiv2][query] POST https://upload-firebasehosting.googleapis.com/upload/sites/beauty-parlour-cd243/versions/91ecdde96ca09f70/files/319f6a2aad7d87a06756650ae00f72fde1f6fce098e0ffb38e75e0f9bf181dfd [none]
[debug] [2022-11-10T17:49:42.538Z] >>> [apiv2][body] POST https://upload-firebasehosting.googleapis.com/upload/sites/beauty-parlour-cd243/versions/91ecdde96ca09f70/files/319f6a2aad7d87a06756650ae00f72fde1f6fce098e0ffb38e75e0f9bf181dfd [stream]
[debug] [2022-11-10T17:49:42.539Z] >>> [apiv2][query] POST https://upload-firebasehosting.googleapis.com/upload/sites/beauty-parlour-cd243/versions/91ecdde96ca09f70/files/98d46b5c2d58d65afe585bc45c865e40321ebe829d60980759936f842796fc58 [none]
[debug] [2022-11-10T17:49:42.539Z] >>> [apiv2][body] POST https://upload-firebasehosting.googleapis.com/upload/sites/beauty-parlour-cd243/versions/91ecdde96ca09f70/files/98d46b5c2d58d65afe585bc45c865e40321ebe829d60980759936f842796fc58 [stream]
[debug] [2022-11-10T17:49:42.540Z] >>> [apiv2][query] POST https://upload-firebasehosting.googleapis.com/upload/sites/beauty-parlour-cd243/versions/91ecdde96ca09f70/files/d17a660763f7991d8e7b4b061bf9a481dbcf8f6563d6f250926d6c6631e58a8e [none]
[debug] [2022-11-10T17:49:42.540Z] >>> [apiv2][body] POST https://upload-firebasehosting.googleapis.com/upload/sites/beauty-parlour-cd243/versions/91ecdde96ca09f70/files/d17a660763f7991d8e7b4b061bf9a481dbcf8f6563d6f250926d6c6631e58a8e [stream]
[debug] [2022-11-10T17:49:42.541Z] >>> [apiv2][query] POST https://upload-firebasehosting.googleapis.com/upload/sites/beauty-parlour-cd243/versions/91ecdde96ca09f70/files/aff3449bdc238776f5d6d967f19ec491b36aed5fb7f23ccff6500736fd58494a [none]
[debug] [2022-11-10T17:49:42.542Z] >>> [apiv2][body] POST https://upload-firebasehosting.googleapis.com/upload/sites/beauty-parlour-cd243/versions/91ecdde96ca09f70/files/aff3449bdc238776f5d6d967f19ec491b36aed5fb7f23ccff6500736fd58494a [stream]
[debug] [2022-11-10T17:49:42.543Z] >>> [apiv2][query] POST https://upload-firebasehosting.googleapis.com/upload/sites/beauty-parlour-cd243/versions/91ecdde96ca09f70/files/ee7e2f3fdb8209c4b6fd7bef6ba50d1b9dba30a25bb5c3126df057e1cb6f5331 [none]
[debug] [2022-11-10T17:49:42.543Z] >>> [apiv2][body] POST https://upload-firebasehosting.googleapis.com/upload/sites/beauty-parlour-cd243/versions/91ecdde96ca09f70/files/ee7e2f3fdb8209c4b6fd7bef6ba50d1b9dba30a25bb5c3126df057e1cb6f5331 [stream]
[debug] [2022-11-10T17:49:42.547Z] >>> [apiv2][query] POST https://upload-firebasehosting.googleapis.com/upload/sites/beauty-parlour-cd243/versions/91ecdde96ca09f70/files/01007db28de0ef61b3edac4357924cf617b00a6fd54e9c5b4db8ce4cdcc8d3a4 [none]
[debug] [2022-11-10T17:49:42.547Z] >>> [apiv2][body] POST https://upload-firebasehosting.googleapis.com/upload/sites/beauty-parlour-cd243/versions/91ecdde96ca09f70/files/01007db28de0ef61b3edac4357924cf617b00a6fd54e9c5b4db8ce4cdcc8d3a4 [stream]
[debug] [2022-11-10T17:49:42.548Z] >>> [apiv2][query] POST https://upload-firebasehosting.googleapis.com/upload/sites/beauty-parlour-cd243/versions/91ecdde96ca09f70/files/64ac1f93bf3fd601a41e96e6aacca753db6d48e7dfd16c351af78087f30b4ea3 [none]
[debug] [2022-11-10T17:49:42.548Z] >>> [apiv2][body] POST https://upload-firebasehosting.googleapis.com/upload/sites/beauty-parlour-cd243/versions/91ecdde96ca09f70/files/64ac1f93bf3fd601a41e96e6aacca753db6d48e7dfd16c351af78087f30b4ea3 [stream]
[debug] [2022-11-10T17:49:42.549Z] >>> [apiv2][query] POST https://upload-firebasehosting.googleapis.com/upload/sites/beauty-parlour-cd243/versions/91ecdde96ca09f70/files/3ee59515172ee198f3be375979df15ac5345183e656720a381b8872b2a39dc8b [none]
[debug] [2022-11-10T17:49:42.549Z] >>> [apiv2][body] POST https://upload-firebasehosting.googleapis.com/upload/sites/beauty-parlour-cd243/versions/91ecdde96ca09f70/files/3ee59515172ee198f3be375979df15ac5345183e656720a381b8872b2a39dc8b [stream]
[debug] [2022-11-10T17:49:42.550Z] >>> [apiv2][query] POST https://upload-firebasehosting.googleapis.com/upload/sites/beauty-parlour-cd243/versions/91ecdde96ca09f70/files/be5dbcf5795a4a344d316cd9ee1ef540450103a6ca893608e99435ed7e3f36c2 [none]
[debug] [2022-11-10T17:49:42.551Z] >>> [apiv2][body] POST https://upload-firebasehosting.googleapis.com/upload/sites/beauty-parlour-cd243/versions/91ecdde96ca09f70/files/be5dbcf5795a4a344d316cd9ee1ef540450103a6ca893608e99435ed7e3f36c2 [stream]
[debug] [2022-11-10T17:49:42.552Z] >>> [apiv2][query] POST https://upload-firebasehosting.googleapis.com/upload/sites/beauty-parlour-cd243/versions/91ecdde96ca09f70/files/2ca71a68c6adbefd4a2b8d6da133d6c17cd9f4fcfa90ef54cb3f5d8dcef512ab [none]
[debug] [2022-11-10T17:49:42.553Z] >>> [apiv2][body] POST https://upload-firebasehosting.googleapis.com/upload/sites/beauty-parlour-cd243/versions/91ecdde96ca09f70/files/2ca71a68c6adbefd4a2b8d6da133d6c17cd9f4fcfa90ef54cb3f5d8dcef512ab [stream]
[debug] [2022-11-10T17:49:42.554Z] >>> [apiv2][query] POST https://upload-firebasehosting.googleapis.com/upload/sites/beauty-parlour-cd243/versions/91ecdde96ca09f70/files/ac167344328826e8ddc8a1c7421d444d1a7a1d1ba4ffe0d47c2169b6ca685674 [none]
[debug] [2022-11-10T17:49:42.554Z] >>> [apiv2][body] POST https://upload-firebasehosting.googleapis.com/upload/sites/beauty-parlour-cd243/versions/91ecdde96ca09f70/files/ac167344328826e8ddc8a1c7421d444d1a7a1d1ba4ffe0d47c2169b6ca685674 [stream]
[debug] [2022-11-10T17:49:42.555Z] >>> [apiv2][query] POST https://upload-firebasehosting.googleapis.com/upload/sites/beauty-parlour-cd243/versions/91ecdde96ca09f70/files/29fba471d481398619ffd50250e8431add61c7c8208f77fc9b05cd1bf9708876 [none]
[debug] [2022-11-10T17:49:42.555Z] >>> [apiv2][body] POST https://upload-firebasehosting.googleapis.com/upload/sites/beauty-parlour-cd243/versions/91ecdde96ca09f70/files/29fba471d481398619ffd50250e8431add61c7c8208f77fc9b05cd1bf9708876 [stream]
[debug] [2022-11-10T17:49:42.557Z] >>> [apiv2][query] POST https://upload-firebasehosting.googleapis.com/upload/sites/beauty-parlour-cd243/versions/91ecdde96ca09f70/files/baa384090453c8e42c797e09566aa72799395a07245f3910dd6e4be5d1b95b8e [none]
[debug] [2022-11-10T17:49:42.557Z] >>> [apiv2][body] POST https://upload-firebasehosting.googleapis.com/upload/sites/beauty-parlour-cd243/versions/91ecdde96ca09f70/files/baa384090453c8e42c797e09566aa72799395a07245f3910dd6e4be5d1b95b8e [stream]
[debug] [2022-11-10T17:49:42.558Z] >>> [apiv2][query] POST https://upload-firebasehosting.googleapis.com/upload/sites/beauty-parlour-cd243/versions/91ecdde96ca09f70/files/edd1e26e9f25b97f7db15ba0043fdaa8b98c030bf5bd37b2220ba6e6729fd1e6 [none]
[debug] [2022-11-10T17:49:42.558Z] >>> [apiv2][body] POST https://upload-firebasehosting.googleapis.com/upload/sites/beauty-parlour-cd243/versions/91ecdde96ca09f70/files/edd1e26e9f25b97f7db15ba0043fdaa8b98c030bf5bd37b2220ba6e6729fd1e6 [stream]
[debug] [2022-11-10T17:49:42.559Z] >>> [apiv2][query] POST https://upload-firebasehosting.googleapis.com/upload/sites/beauty-parlour-cd243/versions/91ecdde96ca09f70/files/53d25ce79292ff08eaa1667942c2e71f0d8b0a8893f481b8e9edd6d4211c2770 [none]
[debug] [2022-11-10T17:49:42.560Z] >>> [apiv2][body] POST https://upload-firebasehosting.googleapis.com/upload/sites/beauty-parlour-cd243/versions/91ecdde96ca09f70/files/53d25ce79292ff08eaa1667942c2e71f0d8b0a8893f481b8e9edd6d4211c2770 [stream]
[debug] [2022-11-10T17:49:42.561Z] >>> [apiv2][query] POST https://upload-firebasehosting.googleapis.com/upload/sites/beauty-parlour-cd243/versions/91ecdde96ca09f70/files/4496947ef69d48839a29e5569dfde77c7e48eb12a8befd0fab5dcc09b2775de4 [none]
[debug] [2022-11-10T17:49:42.561Z] >>> [apiv2][body] POST https://upload-firebasehosting.googleapis.com/upload/sites/beauty-parlour-cd243/versions/91ecdde96ca09f70/files/4496947ef69d48839a29e5569dfde77c7e48eb12a8befd0fab5dcc09b2775de4 [stream]
[debug] [2022-11-10T17:49:42.562Z] >>> [apiv2][query] POST https://upload-firebasehosting.googleapis.com/upload/sites/beauty-parlour-cd243/versions/91ecdde96ca09f70/files/ba96ab27c19307c208e7567ac7cb3e94bee9a342f1b04fe399797dd04fdcc5d4 [none]
[debug] [2022-11-10T17:49:42.562Z] >>> [apiv2][body] POST https://upload-firebasehosting.googleapis.com/upload/sites/beauty-parlour-cd243/versions/91ecdde96ca09f70/files/ba96ab27c19307c208e7567ac7cb3e94bee9a342f1b04fe399797dd04fdcc5d4 [stream]
[debug] [2022-11-10T17:49:42.563Z] >>> [apiv2][query] POST https://upload-firebasehosting.googleapis.com/upload/sites/beauty-parlour-cd243/versions/91ecdde96ca09f70/files/d0cd50ecb277e3c3d211df1f3de4387fc924fa885d9b63ad789afd096d74f9a5 [none]
[debug] [2022-11-10T17:49:42.563Z] >>> [apiv2][body] POST https://upload-firebasehosting.googleapis.com/upload/sites/beauty-parlour-cd243/versions/91ecdde96ca09f70/files/d0cd50ecb277e3c3d211df1f3de4387fc924fa885d9b63ad789afd096d74f9a5 [stream]
[debug] [2022-11-10T17:49:42.565Z] [hosting][populate queue][FINAL] {"max":1106,"min":1106,"avg":1106,"active":0,"complete":1,"success":1,"errored":0,"retried":0,"total":1,"elapsed":1156}
[debug] [2022-11-10T17:49:42.565Z] [hosting] uploads queued: 25
[debug] [2022-11-10T17:49:44.462Z] <<< [apiv2][status] POST https://upload-firebasehosting.googleapis.com/upload/sites/beauty-parlour-cd243/versions/91ecdde96ca09f70/files/53d25ce79292ff08eaa1667942c2e71f0d8b0a8893f481b8e9edd6d4211c2770 200
[debug] [2022-11-10T17:49:44.462Z] <<< [apiv2][body] POST https://upload-firebasehosting.googleapis.com/upload/sites/beauty-parlour-cd243/versions/91ecdde96ca09f70/files/53d25ce79292ff08eaa1667942c2e71f0d8b0a8893f481b8e9edd6d4211c2770 [stream]
[debug] [2022-11-10T17:49:44.619Z] <<< [apiv2][status] POST https://upload-firebasehosting.googleapis.com/upload/sites/beauty-parlour-cd243/versions/91ecdde96ca09f70/files/bfe106a3fb878dc83461c86818bf74fc1bdc7f28538ba613cd3e775516ce8b49 200
[debug] [2022-11-10T17:49:44.620Z] <<< [apiv2][body] POST https://upload-firebasehosting.googleapis.com/upload/sites/beauty-parlour-cd243/versions/91ecdde96ca09f70/files/bfe106a3fb878dc83461c86818bf74fc1bdc7f28538ba613cd3e775516ce8b49 [stream]
[debug] [2022-11-10T17:49:44.803Z] <<< [apiv2][status] POST https://upload-firebasehosting.googleapis.com/upload/sites/beauty-parlour-cd243/versions/91ecdde96ca09f70/files/3975f19568e8cb612c2ce2cb433e7acb8fd7209a566ffeb6585fee6d8348353f 200
[debug] [2022-11-10T17:49:44.803Z] <<< [apiv2][body] POST https://upload-firebasehosting.googleapis.com/upload/sites/beauty-parlour-cd243/versions/91ecdde96ca09f70/files/3975f19568e8cb612c2ce2cb433e7acb8fd7209a566ffeb6585fee6d8348353f [stream]
[debug] [2022-11-10T17:49:44.805Z] <<< [apiv2][status] POST https://upload-firebasehosting.googleapis.com/upload/sites/beauty-parlour-cd243/versions/91ecdde96ca09f70/files/29fba471d481398619ffd50250e8431add61c7c8208f77fc9b05cd1bf9708876 200
[debug] [2022-11-10T17:49:44.805Z] <<< [apiv2][body] POST https://upload-firebasehosting.googleapis.com/upload/sites/beauty-parlour-cd243/versions/91ecdde96ca09f70/files/29fba471d481398619ffd50250e8431add61c7c8208f77fc9b05cd1bf9708876 [stream]
[debug] [2022-11-10T17:49:44.807Z] <<< [apiv2][status] POST https://upload-firebasehosting.googleapis.com/upload/sites/beauty-parlour-cd243/versions/91ecdde96ca09f70/files/edd1e26e9f25b97f7db15ba0043fdaa8b98c030bf5bd37b2220ba6e6729fd1e6 200
[debug] [2022-11-10T17:49:44.807Z] <<< [apiv2][body] POST https://upload-firebasehosting.googleapis.com/upload/sites/beauty-parlour-cd243/versions/91ecdde96ca09f70/files/edd1e26e9f25b97f7db15ba0043fdaa8b98c030bf5bd37b2220ba6e6729fd1e6 [stream]
[debug] [2022-11-10T17:49:45.032Z] <<< [apiv2][status] POST https://upload-firebasehosting.googleapis.com/upload/sites/beauty-parlour-cd243/versions/91ecdde96ca09f70/files/82f93dd3aa002c020423351a9ff883abeb8e064e3c50508dddc4134fdc17f4b6 200
[debug] [2022-11-10T17:49:45.032Z] <<< [apiv2][body] POST https://upload-firebasehosting.googleapis.com/upload/sites/beauty-parlour-cd243/versions/91ecdde96ca09f70/files/82f93dd3aa002c020423351a9ff883abeb8e064e3c50508dddc4134fdc17f4b6 [stream]
[debug] [2022-11-10T17:49:45.090Z] <<< [apiv2][status] POST https://upload-firebasehosting.googleapis.com/upload/sites/beauty-parlour-cd243/versions/91ecdde96ca09f70/files/d0cd50ecb277e3c3d211df1f3de4387fc924fa885d9b63ad789afd096d74f9a5 200
[debug] [2022-11-10T17:49:45.090Z] <<< [apiv2][body] POST https://upload-firebasehosting.googleapis.com/upload/sites/beauty-parlour-cd243/versions/91ecdde96ca09f70/files/d0cd50ecb277e3c3d211df1f3de4387fc924fa885d9b63ad789afd096d74f9a5 [stream]
[debug] [2022-11-10T17:49:45.092Z] <<< [apiv2][status] POST https://upload-firebasehosting.googleapis.com/upload/sites/beauty-parlour-cd243/versions/91ecdde96ca09f70/files/c4a7a10b37365744f233e734381414377430b6305ef80c4c89db0dae805854d1 200
[debug] [2022-11-10T17:49:45.092Z] <<< [apiv2][body] POST https://upload-firebasehosting.googleapis.com/upload/sites/beauty-parlour-cd243/versions/91ecdde96ca09f70/files/c4a7a10b37365744f233e734381414377430b6305ef80c4c89db0dae805854d1 [stream]
[debug] [2022-11-10T17:49:45.258Z] <<< [apiv2][status] POST https://upload-firebasehosting.googleapis.com/upload/sites/beauty-parlour-cd243/versions/91ecdde96ca09f70/files/aff3449bdc238776f5d6d967f19ec491b36aed5fb7f23ccff6500736fd58494a 200
[debug] [2022-11-10T17:49:45.258Z] <<< [apiv2][body] POST https://upload-firebasehosting.googleapis.com/upload/sites/beauty-parlour-cd243/versions/91ecdde96ca09f70/files/aff3449bdc238776f5d6d967f19ec491b36aed5fb7f23ccff6500736fd58494a [stream]
[debug] [2022-11-10T17:49:45.442Z] <<< [apiv2][status] POST https://upload-firebasehosting.googleapis.com/upload/sites/beauty-parlour-cd243/versions/91ecdde96ca09f70/files/ac167344328826e8ddc8a1c7421d444d1a7a1d1ba4ffe0d47c2169b6ca685674 200
[debug] [2022-11-10T17:49:45.443Z] <<< [apiv2][body] POST https://upload-firebasehosting.googleapis.com/upload/sites/beauty-parlour-cd243/versions/91ecdde96ca09f70/files/ac167344328826e8ddc8a1c7421d444d1a7a1d1ba4ffe0d47c2169b6ca685674 [stream]
[debug] [2022-11-10T17:49:45.624Z] <<< [apiv2][status] POST https://upload-firebasehosting.googleapis.com/upload/sites/beauty-parlour-cd243/versions/91ecdde96ca09f70/files/3ee59515172ee198f3be375979df15ac5345183e656720a381b8872b2a39dc8b 200
[debug] [2022-11-10T17:49:45.624Z] <<< [apiv2][body] POST https://upload-firebasehosting.googleapis.com/upload/sites/beauty-parlour-cd243/versions/91ecdde96ca09f70/files/3ee59515172ee198f3be375979df15ac5345183e656720a381b8872b2a39dc8b [stream]
[debug] [2022-11-10T17:49:45.740Z] <<< [apiv2][status] POST https://upload-firebasehosting.googleapis.com/upload/sites/beauty-parlour-cd243/versions/91ecdde96ca09f70/files/6271db47814edac0a5fda426b491e62da153625da63141b0309fe826035b9f54 200
[debug] [2022-11-10T17:49:45.741Z] <<< [apiv2][body] POST https://upload-firebasehosting.googleapis.com/upload/sites/beauty-parlour-cd243/versions/91ecdde96ca09f70/files/6271db47814edac0a5fda426b491e62da153625da63141b0309fe826035b9f54 [stream]
[debug] [2022-11-10T17:49:45.831Z] <<< [apiv2][status] POST https://upload-firebasehosting.googleapis.com/upload/sites/beauty-parlour-cd243/versions/91ecdde96ca09f70/files/baa384090453c8e42c797e09566aa72799395a07245f3910dd6e4be5d1b95b8e 200
[debug] [2022-11-10T17:49:45.832Z] <<< [apiv2][body] POST https://upload-firebasehosting.googleapis.com/upload/sites/beauty-parlour-cd243/versions/91ecdde96ca09f70/files/baa384090453c8e42c797e09566aa72799395a07245f3910dd6e4be5d1b95b8e [stream]
[debug] [2022-11-10T17:49:45.858Z] <<< [apiv2][status] POST https://upload-firebasehosting.googleapis.com/upload/sites/beauty-parlour-cd243/versions/91ecdde96ca09f70/files/ee7e2f3fdb8209c4b6fd7bef6ba50d1b9dba30a25bb5c3126df057e1cb6f5331 200
[debug] [2022-11-10T17:49:45.858Z] <<< [apiv2][body] POST https://upload-firebasehosting.googleapis.com/upload/sites/beauty-parlour-cd243/versions/91ecdde96ca09f70/files/ee7e2f3fdb8209c4b6fd7bef6ba50d1b9dba30a25bb5c3126df057e1cb6f5331 [stream]
[debug] [2022-11-10T17:49:46.058Z] <<< [apiv2][status] POST https://upload-firebasehosting.googleapis.com/upload/sites/beauty-parlour-cd243/versions/91ecdde96ca09f70/files/4496947ef69d48839a29e5569dfde77c7e48eb12a8befd0fab5dcc09b2775de4 200
[debug] [2022-11-10T17:49:46.058Z] <<< [apiv2][body] POST https://upload-firebasehosting.googleapis.com/upload/sites/beauty-parlour-cd243/versions/91ecdde96ca09f70/files/4496947ef69d48839a29e5569dfde77c7e48eb12a8befd0fab5dcc09b2775de4 [stream]
[debug] [2022-11-10T17:49:46.123Z] <<< [apiv2][status] POST https://upload-firebasehosting.googleapis.com/upload/sites/beauty-parlour-cd243/versions/91ecdde96ca09f70/files/be5dbcf5795a4a344d316cd9ee1ef540450103a6ca893608e99435ed7e3f36c2 200
[debug] [2022-11-10T17:49:46.123Z] <<< [apiv2][body] POST https://upload-firebasehosting.googleapis.com/upload/sites/beauty-parlour-cd243/versions/91ecdde96ca09f70/files/be5dbcf5795a4a344d316cd9ee1ef540450103a6ca893608e99435ed7e3f36c2 [stream]
[debug] [2022-11-10T17:49:46.211Z] <<< [apiv2][status] POST https://upload-firebasehosting.googleapis.com/upload/sites/beauty-parlour-cd243/versions/91ecdde96ca09f70/files/d17a660763f7991d8e7b4b061bf9a481dbcf8f6563d6f250926d6c6631e58a8e 200
[debug] [2022-11-10T17:49:46.212Z] <<< [apiv2][body] POST https://upload-firebasehosting.googleapis.com/upload/sites/beauty-parlour-cd243/versions/91ecdde96ca09f70/files/d17a660763f7991d8e7b4b061bf9a481dbcf8f6563d6f250926d6c6631e58a8e [stream]
[debug] [2022-11-10T17:49:46.229Z] <<< [apiv2][status] POST https://upload-firebasehosting.googleapis.com/upload/sites/beauty-parlour-cd243/versions/91ecdde96ca09f70/files/319f6a2aad7d87a06756650ae00f72fde1f6fce098e0ffb38e75e0f9bf181dfd 200
[debug] [2022-11-10T17:49:46.229Z] <<< [apiv2][body] POST https://upload-firebasehosting.googleapis.com/upload/sites/beauty-parlour-cd243/versions/91ecdde96ca09f70/files/319f6a2aad7d87a06756650ae00f72fde1f6fce098e0ffb38e75e0f9bf181dfd [stream]
[debug] [2022-11-10T17:49:46.299Z] <<< [apiv2][status] POST https://upload-firebasehosting.googleapis.com/upload/sites/beauty-parlour-cd243/versions/91ecdde96ca09f70/files/64ac1f93bf3fd601a41e96e6aacca753db6d48e7dfd16c351af78087f30b4ea3 200
[debug] [2022-11-10T17:49:46.299Z] <<< [apiv2][body] POST https://upload-firebasehosting.googleapis.com/upload/sites/beauty-parlour-cd243/versions/91ecdde96ca09f70/files/64ac1f93bf3fd601a41e96e6aacca753db6d48e7dfd16c351af78087f30b4ea3 [stream]
[debug] [2022-11-10T17:49:46.863Z] <<< [apiv2][status] POST https://upload-firebasehosting.googleapis.com/upload/sites/beauty-parlour-cd243/versions/91ecdde96ca09f70/files/2ca71a68c6adbefd4a2b8d6da133d6c17cd9f4fcfa90ef54cb3f5d8dcef512ab 200
[debug] [2022-11-10T17:49:46.863Z] <<< [apiv2][body] POST https://upload-firebasehosting.googleapis.com/upload/sites/beauty-parlour-cd243/versions/91ecdde96ca09f70/files/2ca71a68c6adbefd4a2b8d6da133d6c17cd9f4fcfa90ef54cb3f5d8dcef512ab [stream]
[debug] [2022-11-10T17:49:48.061Z] <<< [apiv2][status] POST https://upload-firebasehosting.googleapis.com/upload/sites/beauty-parlour-cd243/versions/91ecdde96ca09f70/files/9507d37df295a585f50a38e829c50029b83085b4a923375a0f94bd98acbec7a5 200
[debug] [2022-11-10T17:49:48.062Z] <<< [apiv2][body] POST https://upload-firebasehosting.googleapis.com/upload/sites/beauty-parlour-cd243/versions/91ecdde96ca09f70/files/9507d37df295a585f50a38e829c50029b83085b4a923375a0f94bd98acbec7a5 [stream]
[debug] [2022-11-10T17:49:48.232Z] <<< [apiv2][status] POST https://upload-firebasehosting.googleapis.com/upload/sites/beauty-parlour-cd243/versions/91ecdde96ca09f70/files/98d46b5c2d58d65afe585bc45c865e40321ebe829d60980759936f842796fc58 200
[debug] [2022-11-10T17:49:48.232Z] <<< [apiv2][body] POST https://upload-firebasehosting.googleapis.com/upload/sites/beauty-parlour-cd243/versions/91ecdde96ca09f70/files/98d46b5c2d58d65afe585bc45c865e40321ebe829d60980759936f842796fc58 [stream]
[debug] [2022-11-10T17:49:52.161Z] <<< [apiv2][status] POST https://upload-firebasehosting.googleapis.com/upload/sites/beauty-parlour-cd243/versions/91ecdde96ca09f70/files/b26f27221f63053fef57ce886bff482a075f2a359f872d23eff93a4e13010af8 200
[debug] [2022-11-10T17:49:52.161Z] <<< [apiv2][body] POST https://upload-firebasehosting.googleapis.com/upload/sites/beauty-parlour-cd243/versions/91ecdde96ca09f70/files/b26f27221f63053fef57ce886bff482a075f2a359f872d23eff93a4e13010af8 [stream]
[debug] [2022-11-10T17:49:52.368Z] <<< [apiv2][status] POST https://upload-firebasehosting.googleapis.com/upload/sites/beauty-parlour-cd243/versions/91ecdde96ca09f70/files/01007db28de0ef61b3edac4357924cf617b00a6fd54e9c5b4db8ce4cdcc8d3a4 200
[debug] [2022-11-10T17:49:52.369Z] <<< [apiv2][body] POST https://upload-firebasehosting.googleapis.com/upload/sites/beauty-parlour-cd243/versions/91ecdde96ca09f70/files/01007db28de0ef61b3edac4357924cf617b00a6fd54e9c5b4db8ce4cdcc8d3a4 [stream]
[debug] [2022-11-10T17:49:53.886Z] [uploadQueue] Retrying task ba96ab27c19307c208e7567ac7cb3e94bee9a342f1b04fe399797dd04fdcc5d4
[debug] [2022-11-10T17:49:53.887Z] >>> [apiv2][query] POST https://upload-firebasehosting.googleapis.com/upload/sites/beauty-parlour-cd243/versions/91ecdde96ca09f70/files/ba96ab27c19307c208e7567ac7cb3e94bee9a342f1b04fe399797dd04fdcc5d4 [none]
[debug] [2022-11-10T17:49:53.887Z] >>> [apiv2][body] POST https://upload-firebasehosting.googleapis.com/upload/sites/beauty-parlour-cd243/versions/91ecdde96ca09f70/files/ba96ab27c19307c208e7567ac7cb3e94bee9a342f1b04fe399797dd04fdcc5d4 [stream]
[debug] [2022-11-10T17:49:55.688Z] <<< [apiv2][status] POST https://upload-firebasehosting.googleapis.com/upload/sites/beauty-parlour-cd243/versions/91ecdde96ca09f70/files/ba96ab27c19307c208e7567ac7cb3e94bee9a342f1b04fe399797dd04fdcc5d4 200
[debug] [2022-11-10T17:49:55.688Z] <<< [apiv2][body] POST https://upload-firebasehosting.googleapis.com/upload/sites/beauty-parlour-cd243/versions/91ecdde96ca09f70/files/ba96ab27c19307c208e7567ac7cb3e94bee9a342f1b04fe399797dd04fdcc5d4 [stream]
[debug] [2022-11-10T17:49:55.688Z] [hosting][upload queue][FINAL] {"max":9859,"min":1801,"avg":3705.8,"active":0,"complete":25,"success":25,"errored":0,"retried":1,"total":25,"elapsed":13183}
[info] +  hosting[beauty-parlour-cd243]: file upload complete 
[debug] [2022-11-10T17:49:55.692Z] [hosting] deploy completed after 14794ms
[debug] [2022-11-10T17:49:55.698Z] [
  {
    "config": {
      "public": "build",
      "ignore": [
        "firebase.json",
        "**/.*",
        "**/node_modules/**"
      ],
      "rewrites": [
        {
          "source": "**",
          "destination": "/index.html"
        }
      ],
      "site": "beauty-parlour-cd243"
    },
    "version": "projects/311646377963/sites/beauty-parlour-cd243/versions/91ecdde96ca09f70"
  }
]
[info] i  hosting[beauty-parlour-cd243]: finalizing version... 
[debug] [2022-11-10T17:49:55.706Z] >>> [apiv2][query] PATCH https://firebasehosting.googleapis.com/v1beta1/projects/-/sites/beauty-parlour-cd243/versions/91ecdde96ca09f70 updateMask=status%2Cconfig
[debug] [2022-11-10T17:49:55.706Z] >>> [apiv2][body] PATCH https://firebasehosting.googleapis.com/v1beta1/projects/-/sites/beauty-parlour-cd243/versions/91ecdde96ca09f70 {"status":"FINALIZED","config":{"rewrites":[{"glob":"**","path":"/index.html"}]}}
[debug] [2022-11-10T17:49:56.594Z] <<< [apiv2][status] PATCH https://firebasehosting.googleapis.com/v1beta1/projects/-/sites/beauty-parlour-cd243/versions/91ecdde96ca09f70 200
[debug] [2022-11-10T17:49:56.594Z] <<< [apiv2][body] PATCH https://firebasehosting.googleapis.com/v1beta1/projects/-/sites/beauty-parlour-cd243/versions/91ecdde96ca09f70 {"name":"projects/311646377963/sites/beauty-parlour-cd243/versions/91ecdde96ca09f70","status":"FINALIZED","config":{"rewrites":[{"glob":"**","path":"/index.html"}]},"labels":{"deployment-tool":"cli-firebase"},"createTime":"2022-11-10T17:49:33.374137Z","createUser":{"email":"raka29077997@gmail.com"},"finalizeTime":"2022-11-10T17:49:49.651980Z","finalizeUser":{"email":"raka29077997@gmail.com"}}
[debug] [2022-11-10T17:49:56.595Z] [hosting] finalized version for beauty-parlour-cd243:[object Object]
[info] +  hosting[beauty-parlour-cd243]: version finalized 
[info] i  hosting[beauty-parlour-cd243]: releasing new version... 
[debug] [2022-11-10T17:49:56.600Z] >>> [apiv2][query] POST https://firebasehosting.googleapis.com/v1beta1/projects/-/sites/beauty-parlour-cd243/channels/live/releases versionName=projects%2F311646377963%2Fsites%2Fbeauty-parlour-cd243%2Fversions%2F91ecdde96ca09f70
[debug] [2022-11-10T17:49:56.600Z] >>> [apiv2][body] POST https://firebasehosting.googleapis.com/v1beta1/projects/-/sites/beauty-parlour-cd243/channels/live/releases {}
[debug] [2022-11-10T17:49:57.651Z] <<< [apiv2][status] POST https://firebasehosting.googleapis.com/v1beta1/projects/-/sites/beauty-parlour-cd243/channels/live/releases 200
[debug] [2022-11-10T17:49:57.652Z] <<< [apiv2][body] POST https://firebasehosting.googleapis.com/v1beta1/projects/-/sites/beauty-parlour-cd243/channels/live/releases {"name":"projects/311646377963/sites/beauty-parlour-cd243/channels/live/releases/1668102590018279","version":{"name":"projects/311646377963/sites/beauty-parlour-cd243/versions/91ecdde96ca09f70","status":"FINALIZED","config":{"rewrites":[{"glob":"**","path":"/index.html"}]},"labels":{"deployment-tool":"cli-firebase"},"createTime":"2022-11-10T17:49:33.374137Z","createUser":{"email":"raka29077997@gmail.com","imageUrl":"https://lh3.googleusercontent.com/a/ALm5wu3fdNAUrFprGYZK-rqrSPBDydNEKGKrXQ-DW_yndg"},"finalizeTime":"2022-11-10T17:49:49.651980Z","finalizeUser":{"email":"raka29077997@gmail.com","imageUrl":"https://lh3.googleusercontent.com/a/ALm5wu3fdNAUrFprGYZK-rqrSPBDydNEKGKrXQ-DW_yndg"}},"type":"DEPLOY","releaseTime":"2022-11-10T17:49:50.018279982Z","releaseUser":{"email":"raka29077997@gmail.com","imageUrl":"https://lh3.googleusercontent.com/a/ALm5wu3fdNAUrFprGYZK-rqrSPBDydNEKGKrXQ-DW_yndg"}}
[debug] [2022-11-10T17:49:57.652Z] [hosting] release: {"name":"projects/311646377963/sites/beauty-parlour-cd243/channels/live/releases/1668102590018279","version":{"name":"projects/311646377963/sites/beauty-parlour-cd243/versions/91ecdde96ca09f70","status":"FINALIZED","config":{"rewrites":[{"glob":"**","path":"/index.html"}]},"labels":{"deployment-tool":"cli-firebase"},"createTime":"2022-11-10T17:49:33.374137Z","createUser":{"email":"raka29077997@gmail.com","imageUrl":"https://lh3.googleusercontent.com/a/ALm5wu3fdNAUrFprGYZK-rqrSPBDydNEKGKrXQ-DW_yndg"},"finalizeTime":"2022-11-10T17:49:49.651980Z","finalizeUser":{"email":"raka29077997@gmail.com","imageUrl":"https://lh3.googleusercontent.com/a/ALm5wu3fdNAUrFprGYZK-rqrSPBDydNEKGKrXQ-DW_yndg"}},"type":"DEPLOY","releaseTime":"2022-11-10T17:49:50.018279982Z","releaseUser":{"email":"raka29077997@gmail.com","imageUrl":"https://lh3.googleusercontent.com/a/ALm5wu3fdNAUrFprGYZK-rqrSPBDydNEKGKrXQ-DW_yndg"}}
[info] +  hosting[beauty-parlour-cd243]: release complete 
[info] 
[info] +  Deploy complete! 
[info] 
[info] Project Console: https://console.firebase.google.com/project/beauty-parlour-cd243/overview
[info] Hosting URL: https://beauty-parlour-cd243.web.app
[debug] [2022-11-10T17:50:05.494Z] Error: Timed out.
    at Timeout.<anonymous> (C:\Users\Raka\AppData\Roaming\npm\node_modules\firebase-tools\lib\utils.js:253:49)
    at listOnTimeout (node:internal/timers:559:17)
    at processTimers (node:internal/timers:502:7)
[error] 
[error] Error: An unexpected error has occurred.
